<?xml version="1.0" encoding="UTF-8"?>
<!-- Generated by org.testng.reporters.JUnitReportReporter -->
<testsuite hostname="DESKTOP-JGGFO6P" failures="0" tests="1" name="saurabh.Autonation1" time="0.011" errors="0" timestamp="2022-09-28T17:52:32 IST" skipped="0">
  <testcase classname="saurabh.Autonation1" name="test3" time="0.011"/>
  <system-out/>
</testsuite> <!-- saurabh.Autonation1 -->
